This is pdfTeX, Version 3.14159265-2.6-1.40.18 (MiKTeX 2.9.6500 64-bit) (preloaded format=pdflatex 2017.11.23)  2 JUN 2018 17:09
entering extended mode
**c:/Users/mameli/Desktop/dmo/progetto/custeringStudentiInformatica/main.tex
(c:/Users/mameli/Desktop/dmo/progetto/custeringStudentiInformatica/main.tex
LaTeX2e <2017-04-15>
Babel <3.15> and hyphenation patterns for 75 language(s) loaded.
("C:\Users\mameli\AppData\Local\Programs\MiKTeX 2.9\tex\latex\base\article.cls"
Document Class: article 2014/09/29 v1.4h Standard LaTeX document class
("C:\Users\mameli\AppData\Local\Programs\MiKTeX 2.9\tex\latex\base\size12.clo"
File: size12.clo 2014/09/29 v1.4h Standard LaTeX file (size option)
)
\c@part=\count79
\c@section=\count80
\c@subsection=\count81
\c@subsubsection=\count82
\c@paragraph=\count83
\c@subparagraph=\count84
\c@figure=\count85
\c@table=\count86
\abovecaptionskip=\skip41
\belowcaptionskip=\skip42
\bibindent=\dimen102
)
("C:\Users\mameli\AppData\Local\Programs\MiKTeX 2.9\tex\latex\listings\listings
.sty"
("C:\Users\mameli\AppData\Local\Programs\MiKTeX 2.9\tex\latex\graphics\keyval.s
ty"
Package: keyval 2014/10/28 v1.15 key=value parser (DPC)
\KV@toks@=\toks14
)
\lst@mode=\count87
\lst@gtempboxa=\box26
\lst@token=\toks15
\lst@length=\count88
\lst@currlwidth=\dimen103
\lst@column=\count89
\lst@pos=\count90
\lst@lostspace=\dimen104
\lst@width=\dimen105
\lst@newlines=\count91
\lst@lineno=\count92
\lst@maxwidth=\dimen106

("C:\Users\mameli\AppData\Local\Programs\MiKTeX 2.9\tex\latex\listings\lstmisc.
sty"
File: lstmisc.sty 2015/06/04 1.6 (Carsten Heinz)
\c@lstnumber=\count93
\lst@skipnumbers=\count94
\lst@framebox=\box27
)
("C:\Users\mameli\AppData\Local\Programs\MiKTeX 2.9\tex\latex\listings\listings
.cfg"
File: listings.cfg 2015/06/04 1.6 listings configuration
))
Package: listings 2015/06/04 1.6 (Carsten Heinz)
 (main.aux)
\openout1 = `main.aux'.

LaTeX Font Info:    Checking defaults for OML/cmm/m/it on input line 3.
LaTeX Font Info:    ... okay on input line 3.
LaTeX Font Info:    Checking defaults for T1/cmr/m/n on input line 3.
LaTeX Font Info:    ... okay on input line 3.
LaTeX Font Info:    Checking defaults for OT1/cmr/m/n on input line 3.
LaTeX Font Info:    ... okay on input line 3.
LaTeX Font Info:    Checking defaults for OMS/cmsy/m/n on input line 3.
LaTeX Font Info:    ... okay on input line 3.
LaTeX Font Info:    Checking defaults for OMX/cmex/m/n on input line 3.
LaTeX Font Info:    ... okay on input line 3.
LaTeX Font Info:    Checking defaults for U/cmr/m/n on input line 3.
LaTeX Font Info:    ... okay on input line 3.
\c@lstlisting=\count95
Missing character: There is no Ã in font cmr12!
Missing character: There is no   in font cmr12!
LaTeX Font Info:    Try loading font information for OMS+cmr on input line 8.

("C:\Users\mameli\AppData\Local\Programs\MiKTeX 2.9\tex\latex\base\omscmr.fd"
File: omscmr.fd 2014/09/29 v2.5h Standard LaTeX font definitions
)
LaTeX Font Info:    Font shape `OMS/cmr/m/n' in size <12> not available
(Font)              Font shape `OMS/cmsy/m/n' tried instead on input line 8.
Missing character: There is no Ã in font cmr12!
Missing character: There is no ¨ in font cmr12!

[1

{C:/Users/mameli/AppData/Local/MiKTeX/2.9/pdftex/config/pdftex.map}]
LaTeX Font Info:    External font `cmex10' loaded for size
(Font)              <12> on input line 43.
LaTeX Font Info:    External font `cmex10' loaded for size
(Font)              <8> on input line 43.
LaTeX Font Info:    External font `cmex10' loaded for size
(Font)              <6> on input line 43.

Overfull \hbox (96.44916pt too wide) in paragraph at lines 43--44
[][][][][][][][][][][][][][][][][][][][][][][] 
 []


Overfull \hbox (96.44916pt too wide) in paragraph at lines 44--45
[][][][][][][][][][][][][][][][][][][][][][][] 
 []


Overfull \hbox (96.44916pt too wide) in paragraph at lines 45--46
[][][][][][][][][][][][][][][][][][][][][][][] 
 []


Overfull \hbox (96.44916pt too wide) in paragraph at lines 46--47
[][][][][][][][][][][][][][][][][][][][][][][] 
 []


Overfull \hbox (96.44916pt too wide) in paragraph at lines 47--48
[][][][][][][][][][][][][][][][][][][][][][][] 
 []


Overfull \hbox (152.84906pt too wide) in paragraph at lines 48--49
[][][][][][][][][][][][][][][][][][][][][][][] 
 []

[2] (main.aux) ) 
Here is how much of TeX's memory you used:
 1463 strings out of 493312
 21318 string characters out of 3129391
 82192 words of memory out of 3000000
 5065 multiletter control sequences out of 15000+200000
 6982 words of font info for 25 fonts, out of 3000000 for 9000
 1141 hyphenation exceptions out of 8191
 27i,4n,32p,282b,899s stack positions out of 5000i,500n,10000p,200000b,50000s
<C:/Users/mameli/AppData/Local/Programs/MiKTeX 2.9/fonts/type1/
public/amsfonts/cm/cmbx12.pfb><C:/Users/mameli/AppData/Local/Programs/MiKTeX 2.
9/fonts/type1/public/amsfonts/cm/cmr12.pfb><C:/Users/mameli/AppData/Local/Progr
ams/MiKTeX 2.9/fonts/type1/public/amsfonts/cm/cmsy10.pfb>
Output written on main.pdf (2 pages, 39812 bytes).
PDF statistics:
 21 PDF objects out of 1000 (max. 8388607)
 0 named destinations out of 1000 (max. 500000)
 1 words of extra memory for PDF output out of 10000 (max. 10000000)

